<?xml version="1.0" encoding="UTF-8"?>
<!-- Generated by org.testng.reporters.JUnitReportReporter -->
<testsuite hostname="cdn190" name="ParkCharge.Regression.TaubmanPrepod" tests="1" failures="0" timestamp="11 Dec 2019 11:44:17 GMT" time="14.793" errors="0">
  <testcase name="launch" time="14.793" classname="ParkCharge.Regression.TaubmanPrepod"/>
</testsuite> <!-- ParkCharge.Regression.TaubmanPrepod -->
