<?xml version="1.0" encoding="UTF-8"?>
<testsuite xmlns:xsi="http://www.w3.org/2001/XMLSchema-instance" xsi:noNamespaceSchemaLocation="https://maven.apache.org/surefire/maven-surefire-plugin/xsd/surefire-test-report.xsd" name="TestSuite" time="137.072" tests="4" errors="0" skipped="0" failures="2">
  <properties>
    <property name="sun.desktop" value="windows"/>
    <property name="awt.toolkit" value="sun.awt.windows.WToolkit"/>
    <property name="file.encoding.pkg" value="sun.io"/>
    <property name="java.specification.version" value="1.8"/>
    <property name="sun.cpu.isalist" value="amd64"/>
    <property name="sun.jnu.encoding" value="Cp1252"/>
    <property name="java.class.path" value="D:\Eclipse\Practice\PageObjectMultiParallelBrowserExtentTestCaseReport\target\test-classes;D:\Eclipse\Practice\PageObjectMultiParallelBrowserExtentTestCaseReport\target\classes;C:\Users\mudassirkhan\.m2\repository\org\seleniumhq\selenium\selenium-java\3.141.59\selenium-java-3.141.59.jar;C:\Users\mudassirkhan\.m2\repository\org\seleniumhq\selenium\selenium-api\3.141.59\selenium-api-3.141.59.jar;C:\Users\mudassirkhan\.m2\repository\org\seleniumhq\selenium\selenium-chrome-driver\3.141.59\selenium-chrome-driver-3.141.59.jar;C:\Users\mudassirkhan\.m2\repository\org\seleniumhq\selenium\selenium-edge-driver\3.141.59\selenium-edge-driver-3.141.59.jar;C:\Users\mudassirkhan\.m2\repository\org\seleniumhq\selenium\selenium-firefox-driver\3.141.59\selenium-firefox-driver-3.141.59.jar;C:\Users\mudassirkhan\.m2\repository\org\seleniumhq\selenium\selenium-ie-driver\3.141.59\selenium-ie-driver-3.141.59.jar;C:\Users\mudassirkhan\.m2\repository\org\seleniumhq\selenium\selenium-opera-driver\3.141.59\selenium-opera-driver-3.141.59.jar;C:\Users\mudassirkhan\.m2\repository\org\seleniumhq\selenium\selenium-remote-driver\3.141.59\selenium-remote-driver-3.141.59.jar;C:\Users\mudassirkhan\.m2\repository\org\seleniumhq\selenium\selenium-safari-driver\3.141.59\selenium-safari-driver-3.141.59.jar;C:\Users\mudassirkhan\.m2\repository\org\seleniumhq\selenium\selenium-support\3.141.59\selenium-support-3.141.59.jar;C:\Users\mudassirkhan\.m2\repository\net\bytebuddy\byte-buddy\1.8.15\byte-buddy-1.8.15.jar;C:\Users\mudassirkhan\.m2\repository\org\apache\commons\commons-exec\1.3\commons-exec-1.3.jar;C:\Users\mudassirkhan\.m2\repository\com\google\guava\guava\25.0-jre\guava-25.0-jre.jar;C:\Users\mudassirkhan\.m2\repository\com\google\code\findbugs\jsr305\1.3.9\jsr305-1.3.9.jar;C:\Users\mudassirkhan\.m2\repository\org\checkerframework\checker-compat-qual\2.0.0\checker-compat-qual-2.0.0.jar;C:\Users\mudassirkhan\.m2\repository\com\google\errorprone\error_prone_annotations\2.1.3\error_prone_annotations-2.1.3.jar;C:\Users\mudassirkhan\.m2\repository\com\google\j2objc\j2objc-annotations\1.1\j2objc-annotations-1.1.jar;C:\Users\mudassirkhan\.m2\repository\org\codehaus\mojo\animal-sniffer-annotations\1.14\animal-sniffer-annotations-1.14.jar;C:\Users\mudassirkhan\.m2\repository\com\squareup\okhttp3\okhttp\3.11.0\okhttp-3.11.0.jar;C:\Users\mudassirkhan\.m2\repository\com\squareup\okio\okio\1.14.0\okio-1.14.0.jar;C:\Users\mudassirkhan\.m2\repository\com\google\inject\guice\3.0\guice-3.0.jar;C:\Users\mudassirkhan\.m2\repository\javax\inject\javax.inject\1\javax.inject-1.jar;C:\Users\mudassirkhan\.m2\repository\aopalliance\aopalliance\1.0\aopalliance-1.0.jar;C:\Users\mudassirkhan\.m2\repository\org\uncommons\reportng\1.1.4\reportng-1.1.4.jar;C:\Users\mudassirkhan\.m2\repository\velocity\velocity\1.4\velocity-1.4.jar;C:\Users\mudassirkhan\.m2\repository\velocity\velocity-dep\1.4\velocity-dep-1.4.jar;C:\Users\mudassirkhan\.m2\repository\org\testng\testng\7.1.0\testng-7.1.0.jar;C:\Users\mudassirkhan\.m2\repository\com\beust\jcommander\1.72\jcommander-1.72.jar;C:\Users\mudassirkhan\.m2\repository\com\google\inject\guice\4.1.0\guice-4.1.0-no_aop.jar;C:\Users\mudassirkhan\.m2\repository\org\yaml\snakeyaml\1.21\snakeyaml-1.21.jar;C:\Users\mudassirkhan\.m2\repository\org\apache\poi\poi\4.1.1\poi-4.1.1.jar;C:\Users\mudassirkhan\.m2\repository\commons-codec\commons-codec\1.13\commons-codec-1.13.jar;C:\Users\mudassirkhan\.m2\repository\org\apache\commons\commons-collections4\4.4\commons-collections4-4.4.jar;C:\Users\mudassirkhan\.m2\repository\org\apache\commons\commons-math3\3.6.1\commons-math3-3.6.1.jar;C:\Users\mudassirkhan\.m2\repository\commons-io\commons-io\2.6\commons-io-2.6.jar;C:\Users\mudassirkhan\.m2\repository\org\apache\poi\poi-ooxml\4.1.1\poi-ooxml-4.1.1.jar;C:\Users\mudassirkhan\.m2\repository\org\apache\poi\poi-ooxml-schemas\4.1.1\poi-ooxml-schemas-4.1.1.jar;C:\Users\mudassirkhan\.m2\repository\org\apache\xmlbeans\xmlbeans\3.1.0\xmlbeans-3.1.0.jar;C:\Users\mudassirkhan\.m2\repository\org\apache\commons\commons-compress\1.19\commons-compress-1.19.jar;C:\Users\mudassirkhan\.m2\repository\com\github\virtuald\curvesapi\1.06\curvesapi-1.06.jar;C:\Users\mudassirkhan\.m2\repository\com\relevantcodes\extentreports\2.41.2\extentreports-2.41.2.jar;C:\Users\mudassirkhan\.m2\repository\org\jsoup\jsoup\1.8.3\jsoup-1.8.3.jar;C:\Users\mudassirkhan\.m2\repository\org\xerial\sqlite-jdbc\3.8.11.1\sqlite-jdbc-3.8.11.1.jar;C:\Users\mudassirkhan\.m2\repository\org\freemarker\freemarker\2.3.23\freemarker-2.3.23.jar;C:\Users\mudassirkhan\.m2\repository\org\mongodb\mongodb-driver\3.0.4\mongodb-driver-3.0.4.jar;C:\Users\mudassirkhan\.m2\repository\org\mongodb\bson\3.0.4\bson-3.0.4.jar;C:\Users\mudassirkhan\.m2\repository\org\mongodb\mongodb-driver-core\3.0.4\mongodb-driver-core-3.0.4.jar;"/>
    <property name="java.vm.vendor" value="Oracle Corporation"/>
    <property name="sun.arch.data.model" value="64"/>
    <property name="user.variant" value=""/>
    <property name="java.vendor.url" value="http://java.oracle.com/"/>
    <property name="user.timezone" value="Asia/Calcutta"/>
    <property name="java.vm.specification.version" value="1.8"/>
    <property name="os.name" value="Windows 7"/>
    <property name="user.country" value="IN"/>
    <property name="sun.java.launcher" value="SUN_STANDARD"/>
    <property name="sun.boot.library.path" value="C:\Program Files\Java\jdk1.8.0_191\jre\bin"/>
    <property name="sun.java.command" value="C:\Users\MUDASS~1\AppData\Local\Temp\surefire2115025377316698487\surefirebooter6635572196803964433.jar C:\Users\mudassirkhan\AppData\Local\Temp\surefire2115025377316698487 2020-03-16T15-09-23_546-jvmRun1 surefire5271341897266566972tmp surefire_03712507653292984299tmp"/>
    <property name="surefire.test.class.path" value="D:\Eclipse\Practice\PageObjectMultiParallelBrowserExtentTestCaseReport\target\test-classes;D:\Eclipse\Practice\PageObjectMultiParallelBrowserExtentTestCaseReport\target\classes;C:\Users\mudassirkhan\.m2\repository\org\seleniumhq\selenium\selenium-java\3.141.59\selenium-java-3.141.59.jar;C:\Users\mudassirkhan\.m2\repository\org\seleniumhq\selenium\selenium-api\3.141.59\selenium-api-3.141.59.jar;C:\Users\mudassirkhan\.m2\repository\org\seleniumhq\selenium\selenium-chrome-driver\3.141.59\selenium-chrome-driver-3.141.59.jar;C:\Users\mudassirkhan\.m2\repository\org\seleniumhq\selenium\selenium-edge-driver\3.141.59\selenium-edge-driver-3.141.59.jar;C:\Users\mudassirkhan\.m2\repository\org\seleniumhq\selenium\selenium-firefox-driver\3.141.59\selenium-firefox-driver-3.141.59.jar;C:\Users\mudassirkhan\.m2\repository\org\seleniumhq\selenium\selenium-ie-driver\3.141.59\selenium-ie-driver-3.141.59.jar;C:\Users\mudassirkhan\.m2\repository\org\seleniumhq\selenium\selenium-opera-driver\3.141.59\selenium-opera-driver-3.141.59.jar;C:\Users\mudassirkhan\.m2\repository\org\seleniumhq\selenium\selenium-remote-driver\3.141.59\selenium-remote-driver-3.141.59.jar;C:\Users\mudassirkhan\.m2\repository\org\seleniumhq\selenium\selenium-safari-driver\3.141.59\selenium-safari-driver-3.141.59.jar;C:\Users\mudassirkhan\.m2\repository\org\seleniumhq\selenium\selenium-support\3.141.59\selenium-support-3.141.59.jar;C:\Users\mudassirkhan\.m2\repository\net\bytebuddy\byte-buddy\1.8.15\byte-buddy-1.8.15.jar;C:\Users\mudassirkhan\.m2\repository\org\apache\commons\commons-exec\1.3\commons-exec-1.3.jar;C:\Users\mudassirkhan\.m2\repository\com\google\guava\guava\25.0-jre\guava-25.0-jre.jar;C:\Users\mudassirkhan\.m2\repository\com\google\code\findbugs\jsr305\1.3.9\jsr305-1.3.9.jar;C:\Users\mudassirkhan\.m2\repository\org\checkerframework\checker-compat-qual\2.0.0\checker-compat-qual-2.0.0.jar;C:\Users\mudassirkhan\.m2\repository\com\google\errorprone\error_prone_annotations\2.1.3\error_prone_annotations-2.1.3.jar;C:\Users\mudassirkhan\.m2\repository\com\google\j2objc\j2objc-annotations\1.1\j2objc-annotations-1.1.jar;C:\Users\mudassirkhan\.m2\repository\org\codehaus\mojo\animal-sniffer-annotations\1.14\animal-sniffer-annotations-1.14.jar;C:\Users\mudassirkhan\.m2\repository\com\squareup\okhttp3\okhttp\3.11.0\okhttp-3.11.0.jar;C:\Users\mudassirkhan\.m2\repository\com\squareup\okio\okio\1.14.0\okio-1.14.0.jar;C:\Users\mudassirkhan\.m2\repository\com\google\inject\guice\3.0\guice-3.0.jar;C:\Users\mudassirkhan\.m2\repository\javax\inject\javax.inject\1\javax.inject-1.jar;C:\Users\mudassirkhan\.m2\repository\aopalliance\aopalliance\1.0\aopalliance-1.0.jar;C:\Users\mudassirkhan\.m2\repository\org\uncommons\reportng\1.1.4\reportng-1.1.4.jar;C:\Users\mudassirkhan\.m2\repository\velocity\velocity\1.4\velocity-1.4.jar;C:\Users\mudassirkhan\.m2\repository\velocity\velocity-dep\1.4\velocity-dep-1.4.jar;C:\Users\mudassirkhan\.m2\repository\org\testng\testng\7.1.0\testng-7.1.0.jar;C:\Users\mudassirkhan\.m2\repository\com\beust\jcommander\1.72\jcommander-1.72.jar;C:\Users\mudassirkhan\.m2\repository\com\google\inject\guice\4.1.0\guice-4.1.0-no_aop.jar;C:\Users\mudassirkhan\.m2\repository\org\yaml\snakeyaml\1.21\snakeyaml-1.21.jar;C:\Users\mudassirkhan\.m2\repository\org\apache\poi\poi\4.1.1\poi-4.1.1.jar;C:\Users\mudassirkhan\.m2\repository\commons-codec\commons-codec\1.13\commons-codec-1.13.jar;C:\Users\mudassirkhan\.m2\repository\org\apache\commons\commons-collections4\4.4\commons-collections4-4.4.jar;C:\Users\mudassirkhan\.m2\repository\org\apache\commons\commons-math3\3.6.1\commons-math3-3.6.1.jar;C:\Users\mudassirkhan\.m2\repository\commons-io\commons-io\2.6\commons-io-2.6.jar;C:\Users\mudassirkhan\.m2\repository\org\apache\poi\poi-ooxml\4.1.1\poi-ooxml-4.1.1.jar;C:\Users\mudassirkhan\.m2\repository\org\apache\poi\poi-ooxml-schemas\4.1.1\poi-ooxml-schemas-4.1.1.jar;C:\Users\mudassirkhan\.m2\repository\org\apache\xmlbeans\xmlbeans\3.1.0\xmlbeans-3.1.0.jar;C:\Users\mudassirkhan\.m2\repository\org\apache\commons\commons-compress\1.19\commons-compress-1.19.jar;C:\Users\mudassirkhan\.m2\repository\com\github\virtuald\curvesapi\1.06\curvesapi-1.06.jar;C:\Users\mudassirkhan\.m2\repository\com\relevantcodes\extentreports\2.41.2\extentreports-2.41.2.jar;C:\Users\mudassirkhan\.m2\repository\org\jsoup\jsoup\1.8.3\jsoup-1.8.3.jar;C:\Users\mudassirkhan\.m2\repository\org\xerial\sqlite-jdbc\3.8.11.1\sqlite-jdbc-3.8.11.1.jar;C:\Users\mudassirkhan\.m2\repository\org\freemarker\freemarker\2.3.23\freemarker-2.3.23.jar;C:\Users\mudassirkhan\.m2\repository\org\mongodb\mongodb-driver\3.0.4\mongodb-driver-3.0.4.jar;C:\Users\mudassirkhan\.m2\repository\org\mongodb\bson\3.0.4\bson-3.0.4.jar;C:\Users\mudassirkhan\.m2\repository\org\mongodb\mongodb-driver-core\3.0.4\mongodb-driver-core-3.0.4.jar;"/>
    <property name="sun.cpu.endian" value="little"/>
    <property name="user.home" value="C:\Users\mudassirkhan"/>
    <property name="user.language" value="en"/>
    <property name="java.specification.vendor" value="Oracle Corporation"/>
    <property name="java.home" value="C:\Program Files\Java\jdk1.8.0_191\jre"/>
    <property name="basedir" value="D:\Eclipse\Practice\PageObjectMultiParallelBrowserExtentTestCaseReport"/>
    <property name="file.separator" value="\"/>
    <property name="line.separator" value="&#10;"/>
    <property name="java.vm.specification.vendor" value="Oracle Corporation"/>
    <property name="java.specification.name" value="Java Platform API Specification"/>
    <property name="java.awt.graphicsenv" value="sun.awt.Win32GraphicsEnvironment"/>
    <property name="surefire.real.class.path" value="C:\Users\MUDASS~1\AppData\Local\Temp\surefire2115025377316698487\surefirebooter6635572196803964433.jar"/>
    <property name="sun.boot.class.path" value="C:\Program Files\Java\jdk1.8.0_191\jre\lib\resources.jar;C:\Program Files\Java\jdk1.8.0_191\jre\lib\rt.jar;C:\Program Files\Java\jdk1.8.0_191\jre\lib\sunrsasign.jar;C:\Program Files\Java\jdk1.8.0_191\jre\lib\jsse.jar;C:\Program Files\Java\jdk1.8.0_191\jre\lib\jce.jar;C:\Program Files\Java\jdk1.8.0_191\jre\lib\charsets.jar;C:\Program Files\Java\jdk1.8.0_191\jre\lib\jfr.jar;C:\Program Files\Java\jdk1.8.0_191\jre\classes"/>
    <property name="user.script" value=""/>
    <property name="sun.management.compiler" value="HotSpot 64-Bit Tiered Compilers"/>
    <property name="java.runtime.version" value="1.8.0_191-b12"/>
    <property name="user.name" value="mudassirkhan"/>
    <property name="path.separator" value=";"/>
    <property name="os.version" value="6.1"/>
    <property name="java.endorsed.dirs" value="C:\Program Files\Java\jdk1.8.0_191\jre\lib\endorsed"/>
    <property name="java.runtime.name" value="Java(TM) SE Runtime Environment"/>
    <property name="file.encoding" value="Cp1252"/>
    <property name="java.vm.name" value="Java HotSpot(TM) 64-Bit Server VM"/>
    <property name="localRepository" value="C:\Users\mudassirkhan\.m2\repository"/>
    <property name="java.vendor.url.bug" value="http://bugreport.sun.com/bugreport/"/>
    <property name="java.io.tmpdir" value="C:\Users\MUDASS~1\AppData\Local\Temp\"/>
    <property name="java.version" value="1.8.0_191"/>
    <property name="user.dir" value="D:\Eclipse\Practice\PageObjectMultiParallelBrowserExtentTestCaseReport"/>
    <property name="os.arch" value="amd64"/>
    <property name="java.vm.specification.name" value="Java Virtual Machine Specification"/>
    <property name="java.awt.printerjob" value="sun.awt.windows.WPrinterJob"/>
    <property name="sun.os.patch.level" value="Service Pack 1"/>
    <property name="java.library.path" value="C:\Program Files\Java\jdk1.8.0_191\jre\bin;C:\Windows\Sun\Java\bin;C:\Windows\system32;C:\Windows;C:/Program Files/Java/jdk1.8.0_191/bin/../jre/bin/server;C:/Program Files/Java/jdk1.8.0_191/bin/../jre/bin;C:/Program Files/Java/jdk1.8.0_191/bin/../jre/lib/amd64;C:\Program Files\Java\jdk1.8.0_191\bin;C:\Users\mudassirkhan\AppData\Local\Android\Sdk\tools;C:\Users\mudassirkhan\AppData\Local\Android\Sdk\platform-tools;C:\Windows\System32;C:\Program Files\nodejs\;C:\Users\mudassirkhan\AppData\Local\Android\Sdk\platform-tools;C:\Users\mudassirkhan\AppData\Roaming\npm;C:\Users\mudassirkhan\AppData\Local\Programs\Microsoft VS Code\bin;D:\Eclipse\eclipse;;."/>
    <property name="java.vm.info" value="mixed mode"/>
    <property name="java.vendor" value="Oracle Corporation"/>
    <property name="java.vm.version" value="25.191-b12"/>
    <property name="java.ext.dirs" value="C:\Program Files\Java\jdk1.8.0_191\jre\lib\ext;C:\Windows\Sun\Java\lib\ext"/>
    <property name="sun.io.unicode.encoding" value="UnicodeLittle"/>
    <property name="java.class.version" value="52.0"/>
  </properties>
  <testcase name="DemoPass" classname="Demo.Sample.Automation" time="4.753"/>
  <testcase name="DemoPass" classname="Demo.Sample.Automation" time="4.432"/>
  <testcase name="DemoFail" classname="Demo.Sample.Automation" time="24.481">
    <failure message="Unable to locate element: input[value=&apos;Log I&apos;]&#10;For documentation on this error, please visit: https://www.seleniumhq.org/exceptions/no_such_element.html&#10;Build info: version: &apos;3.141.59&apos;, revision: &apos;e82be7d358&apos;, time: &apos;2018-11-14T08:17:03&apos;&#10;System info: host: &apos;CDN190&apos;, ip: &apos;10.8.0.16&apos;, os.name: &apos;Windows 7&apos;, os.arch: &apos;amd64&apos;, os.version: &apos;6.1&apos;, java.version: &apos;1.8.0_191&apos;&#10;Driver info: org.openqa.selenium.firefox.FirefoxDriver&#10;Capabilities {acceptInsecureCerts: true, browserName: firefox, browserVersion: 73.0, javascriptEnabled: true, moz:accessibilityChecks: false, moz:buildID: 20200207195153, moz:geckodriverVersion: 0.26.0, moz:headless: false, moz:processID: 8624, moz:profile: C:\Users\mudassirkhan\AppDa..., moz:shutdownTimeout: 60000, moz:useNonSpecCompliantPointerOrigin: false, moz:webdriverClick: true, pageLoadStrategy: normal, platform: WINDOWS, platformName: WINDOWS, platformVersion: 6.1, rotatable: false, setWindowRect: true, strictFileInteractability: false, timeouts: {implicit: 0, pageLoad: 300000, script: 30000}, unhandledPromptBehavior: dismiss and notify}&#10;Session ID: 86e6d0bd-e098-4aaa-b439-75d6abe615c7&#10;*** Element info: {Using=css selector, value=input[value=&apos;Log I&apos;]}" type="org.openqa.selenium.NoSuchElementException">org.openqa.selenium.NoSuchElementException: 
Unable to locate element: input[value='Log I']
For documentation on this error, please visit: https://www.seleniumhq.org/exceptions/no_such_element.html
Build info: version: '3.141.59', revision: 'e82be7d358', time: '2018-11-14T08:17:03'
System info: host: 'CDN190', ip: '10.8.0.16', os.name: 'Windows 7', os.arch: 'amd64', os.version: '6.1', java.version: '1.8.0_191'
Driver info: org.openqa.selenium.firefox.FirefoxDriver
Capabilities {acceptInsecureCerts: true, browserName: firefox, browserVersion: 73.0, javascriptEnabled: true, moz:accessibilityChecks: false, moz:buildID: 20200207195153, moz:geckodriverVersion: 0.26.0, moz:headless: false, moz:processID: 8624, moz:profile: C:\Users\mudassirkhan\AppDa..., moz:shutdownTimeout: 60000, moz:useNonSpecCompliantPointerOrigin: false, moz:webdriverClick: true, pageLoadStrategy: normal, platform: WINDOWS, platformName: WINDOWS, platformVersion: 6.1, rotatable: false, setWindowRect: true, strictFileInteractability: false, timeouts: {implicit: 0, pageLoad: 300000, script: 30000}, unhandledPromptBehavior: dismiss and notify}
Session ID: 86e6d0bd-e098-4aaa-b439-75d6abe615c7
*** Element info: {Using=css selector, value=input[value='Log I']}
	at Demo.Sample.Automation.DemoFail(Automation.java:44)
</failure>
    <system-err><![CDATA[1584351589484	Marionette	INFO	Stopped listening on port 55301

###!!! [Child][RunMessage] Error: Channel closing: too late to send/recv, messages will be lost


###!!! [Child][MessageChannel::SendAndWait] Error: Channel error: cannot send/recv

1584351591336	mozrunner::runner	INFO	Running command: "C:\\Program Files\\Mozilla Firefox\\firefox.exe" "-marionette" "-foreground" "-no-remote" "-profile" "C:\\Users\\MUDASS~1\\AppData\\Local\\Temp\\rust_mozprofilePEDdA1"
1584351591702	addons.webextension.doh-rollout@mozilla.org	WARN	Loading extension 'doh-rollout@mozilla.org': Reading manifest: Invalid extension permission: networkStatus
1584351591980	addons.webextension.screenshots@mozilla.org	WARN	Loading extension 'screenshots@mozilla.org': Reading manifest: Invalid extension permission: mozillaAddons
1584351591980	addons.webextension.screenshots@mozilla.org	WARN	Loading extension 'screenshots@mozilla.org': Reading manifest: Invalid extension permission: telemetry
1584351591980	addons.webextension.screenshots@mozilla.org	WARN	Loading extension 'screenshots@mozilla.org': Reading manifest: Invalid extension permission: resource://pdf.js/
1584351591980	addons.webextension.screenshots@mozilla.org	WARN	Loading extension 'screenshots@mozilla.org': Reading manifest: Invalid extension permission: about:reader*
JavaScript error: resource://gre/modules/XULStore.jsm, line 66: Error: Can't find profile directory.
1584351593364	Marionette	INFO	Listening on port 55382
1584351593512	Marionette	WARN	TLS certificate errors will be ignored for this session
Mar 16, 2020 3:09:53 PM org.openqa.selenium.remote.ProtocolHandshake createSession
INFO: Detected dialect: W3C
]]></system-err>
  </testcase>
  <testcase name="DemoFail" classname="Demo.Sample.Automation" time="24.341">
    <failure message="no such element: Unable to locate element: {&quot;method&quot;:&quot;css selector&quot;,&quot;selector&quot;:&quot;input[value=&apos;Log I&apos;]&quot;}&#10;  (Session info: chrome=80.0.3987.132)&#10;For documentation on this error, please visit: https://www.seleniumhq.org/exceptions/no_such_element.html&#10;Build info: version: &apos;3.141.59&apos;, revision: &apos;e82be7d358&apos;, time: &apos;2018-11-14T08:17:03&apos;&#10;System info: host: &apos;CDN190&apos;, ip: &apos;10.8.0.16&apos;, os.name: &apos;Windows 7&apos;, os.arch: &apos;amd64&apos;, os.version: &apos;6.1&apos;, java.version: &apos;1.8.0_191&apos;&#10;Driver info: org.openqa.selenium.chrome.ChromeDriver&#10;Capabilities {acceptInsecureCerts: false, browserName: chrome, browserVersion: 80.0.3987.132, chrome: {chromedriverVersion: 80.0.3987.16 (320f6526c1632..., userDataDir: C:\Users\MUDASS~1\AppData\L...}, goog:chromeOptions: {debuggerAddress: localhost:55507}, javascriptEnabled: true, networkConnectionEnabled: false, pageLoadStrategy: normal, platform: WINDOWS, platformName: WINDOWS, proxy: Proxy(), setWindowRect: true, strictFileInteractability: false, timeouts: {implicit: 0, pageLoad: 300000, script: 30000}, unhandledPromptBehavior: dismiss and notify}&#10;Session ID: b2a38eb29030a24cd0eabbf9fa80a784&#10;*** Element info: {Using=css selector, value=input[value=&apos;Log I&apos;]}" type="org.openqa.selenium.NoSuchElementException">org.openqa.selenium.NoSuchElementException: 
no such element: Unable to locate element: {"method":"css selector","selector":"input[value='Log I']"}
  (Session info: chrome=80.0.3987.132)
For documentation on this error, please visit: https://www.seleniumhq.org/exceptions/no_such_element.html
Build info: version: '3.141.59', revision: 'e82be7d358', time: '2018-11-14T08:17:03'
System info: host: 'CDN190', ip: '10.8.0.16', os.name: 'Windows 7', os.arch: 'amd64', os.version: '6.1', java.version: '1.8.0_191'
Driver info: org.openqa.selenium.chrome.ChromeDriver
Capabilities {acceptInsecureCerts: false, browserName: chrome, browserVersion: 80.0.3987.132, chrome: {chromedriverVersion: 80.0.3987.16 (320f6526c1632..., userDataDir: C:\Users\MUDASS~1\AppData\L...}, goog:chromeOptions: {debuggerAddress: localhost:55507}, javascriptEnabled: true, networkConnectionEnabled: false, pageLoadStrategy: normal, platform: WINDOWS, platformName: WINDOWS, proxy: Proxy(), setWindowRect: true, strictFileInteractability: false, timeouts: {implicit: 0, pageLoad: 300000, script: 30000}, unhandledPromptBehavior: dismiss and notify}
Session ID: b2a38eb29030a24cd0eabbf9fa80a784
*** Element info: {Using=css selector, value=input[value='Log I']}
	at Demo.Sample.Automation.DemoFail(Automation.java:44)
</failure>
    <system-err><![CDATA[Starting ChromeDriver 80.0.3987.16 (320f6526c1632ad4f205ebce69b99a062ed78647-refs/branch-heads/3987@{#185}) on port 20656
Only local connections are allowed.
Please protect ports used by ChromeDriver and related test frameworks to prevent access by malicious code.
Mar 16, 2020 3:11:01 PM org.openqa.selenium.remote.ProtocolHandshake createSession
INFO: Detected dialect: W3C
[1584351663.721][SEVERE]: Timed out receiving message from renderer: 0.100
[1584351663.822][SEVERE]: Timed out receiving message from renderer: 0.100
[1584351663.924][SEVERE]: Timed out receiving message from renderer: 0.100
[1584351664.027][SEVERE]: Timed out receiving message from renderer: 0.100
[1584351664.128][SEVERE]: Timed out receiving message from renderer: 0.100
[1584351664.229][SEVERE]: Timed out receiving message from renderer: 0.100
[1584351664.334][SEVERE]: Timed out receiving message from renderer: 0.100
[1584351664.435][SEVERE]: Timed out receiving message from renderer: 0.100
[1584351664.538][SEVERE]: Timed out receiving message from renderer: 0.100
[1584351664.645][SEVERE]: Timed out receiving message from renderer: 0.100
[1584351664.746][SEVERE]: Timed out receiving message from renderer: 0.100
[1584351664.848][SEVERE]: Timed out receiving message from renderer: 0.100
[1584351664.951][SEVERE]: Timed out receiving message from renderer: 0.100
[1584351665.054][SEVERE]: Timed out receiving message from renderer: 0.100
[1584351665.156][SEVERE]: Timed out receiving message from renderer: 0.100
[1584351665.258][SEVERE]: Timed out receiving message from renderer: 0.100
[1584351665.359][SEVERE]: Timed out receiving message from renderer: 0.100
[1584351665.462][SEVERE]: Timed out receiving message from renderer: 0.100
[1584351665.565][SEVERE]: Timed out receiving message from renderer: 0.100
[1584351665.666][SEVERE]: Timed out receiving message from renderer: 0.100
[1584351665.773][SEVERE]: Timed out receiving message from renderer: 0.100
[1584351665.874][SEVERE]: Timed out receiving message from renderer: 0.100
[1584351665.978][SEVERE]: Timed out receiving message from renderer: 0.100
[1584351666.080][SEVERE]: Timed out receiving message from renderer: 0.100
[1584351666.182][SEVERE]: Timed out receiving message from renderer: 0.100
[1584351666.285][SEVERE]: Timed out receiving message from renderer: 0.100
[1584351666.441][SEVERE]: Timed out receiving message from renderer: 0.100
[1584351666.586][SEVERE]: Timed out receiving message from renderer: 0.100
[1584351666.687][SEVERE]: Timed out receiving message from renderer: 0.100
[1584351666.788][SEVERE]: Timed out receiving message from renderer: 0.100
[1584351666.890][SEVERE]: Timed out receiving message from renderer: 0.100
[1584351666.993][SEVERE]: Timed out receiving message from renderer: 0.100
[1584351667.094][SEVERE]: Timed out receiving message from renderer: 0.100
[1584351667.195][SEVERE]: Timed out receiving message from renderer: 0.100
[1584351667.298][SEVERE]: Timed out receiving message from renderer: 0.100
[1584351667.399][SEVERE]: Timed out receiving message from renderer: 0.100
[1584351667.500][SEVERE]: Timed out receiving message from renderer: 0.100
[1584351667.603][SEVERE]: Timed out receiving message from renderer: 0.100
[1584351667.704][SEVERE]: Timed out receiving message from renderer: 0.100
[1584351667.806][SEVERE]: Timed out receiving message from renderer: 0.100
[1584351667.908][SEVERE]: Timed out receiving message from renderer: 0.100
[1584351668.010][SEVERE]: Timed out receiving message from renderer: 0.100
[1584351668.111][SEVERE]: Timed out receiving message from renderer: 0.100
[1584351668.212][SEVERE]: Timed out receiving message from renderer: 0.100
[1584351668.314][SEVERE]: Timed out receiving message from renderer: 0.100
[1584351668.415][SEVERE]: Timed out receiving message from renderer: 0.100
[1584351668.516][SEVERE]: Timed out receiving message from renderer: 0.100
[1584351668.716][SEVERE]: Timed out receiving message from renderer: 0.100
[1584351668.818][SEVERE]: Timed out receiving message from renderer: 0.100
[1584351668.920][SEVERE]: Timed out receiving message from renderer: 0.100
[1584351669.079][SEVERE]: Timed out receiving message from renderer: 0.100
[1584351669.180][SEVERE]: Timed out receiving message from renderer: 0.100
[1584351669.337][SEVERE]: Timed out receiving message from renderer: 0.100
[1584351669.442][SEVERE]: Timed out receiving message from renderer: 0.100
[1584351669.583][SEVERE]: Timed out receiving message from renderer: 0.100
[1584351669.684][SEVERE]: Timed out receiving message from renderer: 0.100
[1584351669.786][SEVERE]: Timed out receiving message from renderer: 0.100
[1584351669.890][SEVERE]: Timed out receiving message from renderer: 0.100
[1584351670.045][SEVERE]: Timed out receiving message from renderer: 0.100
[1584351670.147][SEVERE]: Timed out receiving message from renderer: 0.100
[1584351670.249][SEVERE]: Timed out receiving message from renderer: 0.100
[1584351670.350][SEVERE]: Timed out receiving message from renderer: 0.100
[1584351670.451][SEVERE]: Timed out receiving message from renderer: 0.100
[1584351670.554][SEVERE]: Timed out receiving message from renderer: 0.100
[1584351670.777][SEVERE]: Timed out receiving message from renderer: 0.100
[1584351670.879][SEVERE]: Timed out receiving message from renderer: 0.100
[1584351670.981][SEVERE]: Timed out receiving message from renderer: 0.100
[1584351671.083][SEVERE]: Timed out receiving message from renderer: 0.100
[1584351671.185][SEVERE]: Timed out receiving message from renderer: 0.100
[1584351671.287][SEVERE]: Timed out receiving message from renderer: 0.100
[1584351671.389][SEVERE]: Timed out receiving message from renderer: 0.100
[1584351671.490][SEVERE]: Timed out receiving message from renderer: 0.100
[1584351671.591][SEVERE]: Timed out receiving message from renderer: 0.100
[1584351671.693][SEVERE]: Timed out receiving message from renderer: 0.100
[1584351671.795][SEVERE]: Timed out receiving message from renderer: 0.100
[1584351671.945][SEVERE]: Timed out receiving message from renderer: 0.100
[1584351672.415][SEVERE]: Timed out receiving message from renderer: 0.100
[1584351672.518][SEVERE]: Timed out receiving message from renderer: 0.100
[1584351672.619][SEVERE]: Timed out receiving message from renderer: 0.100
[1584351672.721][SEVERE]: Timed out receiving message from renderer: 0.100
[1584351672.822][SEVERE]: Timed out receiving message from renderer: 0.100
[1584351672.924][SEVERE]: Timed out receiving message from renderer: 0.100
[1584351673.026][SEVERE]: Timed out receiving message from renderer: 0.100
[1584351673.130][SEVERE]: Timed out receiving message from renderer: 0.100
[1584351673.232][SEVERE]: Timed out receiving message from renderer: 0.100
[1584351673.335][SEVERE]: Timed out receiving message from renderer: 0.100
[1584351673.438][SEVERE]: Timed out receiving message from renderer: 0.100
[1584351673.540][SEVERE]: Timed out receiving message from renderer: 0.100
[1584351673.642][SEVERE]: Timed out receiving message from renderer: 0.100
[1584351673.743][SEVERE]: Timed out receiving message from renderer: 0.100
[1584351673.844][SEVERE]: Timed out receiving message from renderer: 0.100
[1584351673.946][SEVERE]: Timed out receiving message from renderer: 0.100
[1584351674.049][SEVERE]: Timed out receiving message from renderer: 0.100
[1584351674.151][SEVERE]: Timed out receiving message from renderer: 0.100
[1584351674.312][SEVERE]: Timed out receiving message from renderer: 0.100
[1584351674.413][SEVERE]: Timed out receiving message from renderer: 0.100
[1584351674.514][SEVERE]: Timed out receiving message from renderer: 0.100
[1584351674.616][SEVERE]: Timed out receiving message from renderer: 0.100
[1584351674.800][SEVERE]: Timed out receiving message from renderer: 0.100
[1584351674.901][SEVERE]: Timed out receiving message from renderer: 0.100
[1584351675.005][SEVERE]: Timed out receiving message from renderer: 0.100
[1584351675.108][SEVERE]: Timed out receiving message from renderer: 0.100
[1584351675.210][SEVERE]: Timed out receiving message from renderer: 0.100
[1584351675.401][SEVERE]: Timed out receiving message from renderer: 0.100
[1584351675.504][SEVERE]: Timed out receiving message from renderer: 0.100
]]></system-err>
  </testcase>
</testsuite>