<?xml version="1.0" encoding="UTF-8"?>
<testsuite xmlns:xsi="http://www.w3.org/2001/XMLSchema-instance" xsi:noNamespaceSchemaLocation="https://maven.apache.org/surefire/maven-surefire-plugin/xsd/surefire-test-report.xsd" name="TestSuite" time="57.346" tests="2" errors="0" skipped="0" failures="1">
  <properties>
    <property name="sun.desktop" value="windows"/>
    <property name="awt.toolkit" value="sun.awt.windows.WToolkit"/>
    <property name="file.encoding.pkg" value="sun.io"/>
    <property name="java.specification.version" value="1.8"/>
    <property name="sun.cpu.isalist" value="amd64"/>
    <property name="sun.jnu.encoding" value="Cp1252"/>
    <property name="java.class.path" value="D:\Eclipse\Practice\PageObjectMultiParallelBrowserExtentTestCaseReport\target\test-classes;D:\Eclipse\Practice\PageObjectMultiParallelBrowserExtentTestCaseReport\target\classes;C:\Users\mudassirkhan\.m2\repository\org\seleniumhq\selenium\selenium-java\3.141.59\selenium-java-3.141.59.jar;C:\Users\mudassirkhan\.m2\repository\org\seleniumhq\selenium\selenium-api\3.141.59\selenium-api-3.141.59.jar;C:\Users\mudassirkhan\.m2\repository\org\seleniumhq\selenium\selenium-chrome-driver\3.141.59\selenium-chrome-driver-3.141.59.jar;C:\Users\mudassirkhan\.m2\repository\org\seleniumhq\selenium\selenium-edge-driver\3.141.59\selenium-edge-driver-3.141.59.jar;C:\Users\mudassirkhan\.m2\repository\org\seleniumhq\selenium\selenium-firefox-driver\3.141.59\selenium-firefox-driver-3.141.59.jar;C:\Users\mudassirkhan\.m2\repository\org\seleniumhq\selenium\selenium-ie-driver\3.141.59\selenium-ie-driver-3.141.59.jar;C:\Users\mudassirkhan\.m2\repository\org\seleniumhq\selenium\selenium-opera-driver\3.141.59\selenium-opera-driver-3.141.59.jar;C:\Users\mudassirkhan\.m2\repository\org\seleniumhq\selenium\selenium-remote-driver\3.141.59\selenium-remote-driver-3.141.59.jar;C:\Users\mudassirkhan\.m2\repository\org\seleniumhq\selenium\selenium-safari-driver\3.141.59\selenium-safari-driver-3.141.59.jar;C:\Users\mudassirkhan\.m2\repository\org\seleniumhq\selenium\selenium-support\3.141.59\selenium-support-3.141.59.jar;C:\Users\mudassirkhan\.m2\repository\net\bytebuddy\byte-buddy\1.8.15\byte-buddy-1.8.15.jar;C:\Users\mudassirkhan\.m2\repository\org\apache\commons\commons-exec\1.3\commons-exec-1.3.jar;C:\Users\mudassirkhan\.m2\repository\com\google\guava\guava\25.0-jre\guava-25.0-jre.jar;C:\Users\mudassirkhan\.m2\repository\com\google\code\findbugs\jsr305\1.3.9\jsr305-1.3.9.jar;C:\Users\mudassirkhan\.m2\repository\org\checkerframework\checker-compat-qual\2.0.0\checker-compat-qual-2.0.0.jar;C:\Users\mudassirkhan\.m2\repository\com\google\errorprone\error_prone_annotations\2.1.3\error_prone_annotations-2.1.3.jar;C:\Users\mudassirkhan\.m2\repository\com\google\j2objc\j2objc-annotations\1.1\j2objc-annotations-1.1.jar;C:\Users\mudassirkhan\.m2\repository\org\codehaus\mojo\animal-sniffer-annotations\1.14\animal-sniffer-annotations-1.14.jar;C:\Users\mudassirkhan\.m2\repository\com\squareup\okhttp3\okhttp\3.11.0\okhttp-3.11.0.jar;C:\Users\mudassirkhan\.m2\repository\com\squareup\okio\okio\1.14.0\okio-1.14.0.jar;C:\Users\mudassirkhan\.m2\repository\com\google\inject\guice\3.0\guice-3.0.jar;C:\Users\mudassirkhan\.m2\repository\javax\inject\javax.inject\1\javax.inject-1.jar;C:\Users\mudassirkhan\.m2\repository\aopalliance\aopalliance\1.0\aopalliance-1.0.jar;C:\Users\mudassirkhan\.m2\repository\org\uncommons\reportng\1.1.4\reportng-1.1.4.jar;C:\Users\mudassirkhan\.m2\repository\velocity\velocity\1.4\velocity-1.4.jar;C:\Users\mudassirkhan\.m2\repository\velocity\velocity-dep\1.4\velocity-dep-1.4.jar;C:\Users\mudassirkhan\.m2\repository\org\testng\testng\7.1.0\testng-7.1.0.jar;C:\Users\mudassirkhan\.m2\repository\com\beust\jcommander\1.72\jcommander-1.72.jar;C:\Users\mudassirkhan\.m2\repository\com\google\inject\guice\4.1.0\guice-4.1.0-no_aop.jar;C:\Users\mudassirkhan\.m2\repository\org\yaml\snakeyaml\1.21\snakeyaml-1.21.jar;C:\Users\mudassirkhan\.m2\repository\org\apache\poi\poi\4.1.1\poi-4.1.1.jar;C:\Users\mudassirkhan\.m2\repository\commons-codec\commons-codec\1.13\commons-codec-1.13.jar;C:\Users\mudassirkhan\.m2\repository\org\apache\commons\commons-collections4\4.4\commons-collections4-4.4.jar;C:\Users\mudassirkhan\.m2\repository\org\apache\commons\commons-math3\3.6.1\commons-math3-3.6.1.jar;C:\Users\mudassirkhan\.m2\repository\commons-io\commons-io\2.6\commons-io-2.6.jar;C:\Users\mudassirkhan\.m2\repository\org\apache\poi\poi-ooxml\4.1.1\poi-ooxml-4.1.1.jar;C:\Users\mudassirkhan\.m2\repository\org\apache\poi\poi-ooxml-schemas\4.1.1\poi-ooxml-schemas-4.1.1.jar;C:\Users\mudassirkhan\.m2\repository\org\apache\xmlbeans\xmlbeans\3.1.0\xmlbeans-3.1.0.jar;C:\Users\mudassirkhan\.m2\repository\org\apache\commons\commons-compress\1.19\commons-compress-1.19.jar;C:\Users\mudassirkhan\.m2\repository\com\github\virtuald\curvesapi\1.06\curvesapi-1.06.jar;C:\Users\mudassirkhan\.m2\repository\com\relevantcodes\extentreports\2.41.2\extentreports-2.41.2.jar;C:\Users\mudassirkhan\.m2\repository\org\jsoup\jsoup\1.8.3\jsoup-1.8.3.jar;C:\Users\mudassirkhan\.m2\repository\org\xerial\sqlite-jdbc\3.8.11.1\sqlite-jdbc-3.8.11.1.jar;C:\Users\mudassirkhan\.m2\repository\org\freemarker\freemarker\2.3.23\freemarker-2.3.23.jar;C:\Users\mudassirkhan\.m2\repository\org\mongodb\mongodb-driver\3.0.4\mongodb-driver-3.0.4.jar;C:\Users\mudassirkhan\.m2\repository\org\mongodb\bson\3.0.4\bson-3.0.4.jar;C:\Users\mudassirkhan\.m2\repository\org\mongodb\mongodb-driver-core\3.0.4\mongodb-driver-core-3.0.4.jar;"/>
    <property name="java.vm.vendor" value="Oracle Corporation"/>
    <property name="sun.arch.data.model" value="64"/>
    <property name="user.variant" value=""/>
    <property name="java.vendor.url" value="http://java.oracle.com/"/>
    <property name="user.timezone" value="Asia/Calcutta"/>
    <property name="java.vm.specification.version" value="1.8"/>
    <property name="os.name" value="Windows 7"/>
    <property name="user.country" value="IN"/>
    <property name="sun.java.launcher" value="SUN_STANDARD"/>
    <property name="sun.boot.library.path" value="C:\Program Files\Java\jdk1.8.0_191\jre\bin"/>
    <property name="sun.java.command" value="C:\Users\MUDASS~1\AppData\Local\Temp\surefire8081760614341174460\surefirebooter5695233427708088824.jar C:\Users\mudassirkhan\AppData\Local\Temp\surefire8081760614341174460 2020-02-14T17-02-35_688-jvmRun1 surefire885003009319018209tmp surefire_06969729947006206683tmp"/>
    <property name="surefire.test.class.path" value="D:\Eclipse\Practice\PageObjectMultiParallelBrowserExtentTestCaseReport\target\test-classes;D:\Eclipse\Practice\PageObjectMultiParallelBrowserExtentTestCaseReport\target\classes;C:\Users\mudassirkhan\.m2\repository\org\seleniumhq\selenium\selenium-java\3.141.59\selenium-java-3.141.59.jar;C:\Users\mudassirkhan\.m2\repository\org\seleniumhq\selenium\selenium-api\3.141.59\selenium-api-3.141.59.jar;C:\Users\mudassirkhan\.m2\repository\org\seleniumhq\selenium\selenium-chrome-driver\3.141.59\selenium-chrome-driver-3.141.59.jar;C:\Users\mudassirkhan\.m2\repository\org\seleniumhq\selenium\selenium-edge-driver\3.141.59\selenium-edge-driver-3.141.59.jar;C:\Users\mudassirkhan\.m2\repository\org\seleniumhq\selenium\selenium-firefox-driver\3.141.59\selenium-firefox-driver-3.141.59.jar;C:\Users\mudassirkhan\.m2\repository\org\seleniumhq\selenium\selenium-ie-driver\3.141.59\selenium-ie-driver-3.141.59.jar;C:\Users\mudassirkhan\.m2\repository\org\seleniumhq\selenium\selenium-opera-driver\3.141.59\selenium-opera-driver-3.141.59.jar;C:\Users\mudassirkhan\.m2\repository\org\seleniumhq\selenium\selenium-remote-driver\3.141.59\selenium-remote-driver-3.141.59.jar;C:\Users\mudassirkhan\.m2\repository\org\seleniumhq\selenium\selenium-safari-driver\3.141.59\selenium-safari-driver-3.141.59.jar;C:\Users\mudassirkhan\.m2\repository\org\seleniumhq\selenium\selenium-support\3.141.59\selenium-support-3.141.59.jar;C:\Users\mudassirkhan\.m2\repository\net\bytebuddy\byte-buddy\1.8.15\byte-buddy-1.8.15.jar;C:\Users\mudassirkhan\.m2\repository\org\apache\commons\commons-exec\1.3\commons-exec-1.3.jar;C:\Users\mudassirkhan\.m2\repository\com\google\guava\guava\25.0-jre\guava-25.0-jre.jar;C:\Users\mudassirkhan\.m2\repository\com\google\code\findbugs\jsr305\1.3.9\jsr305-1.3.9.jar;C:\Users\mudassirkhan\.m2\repository\org\checkerframework\checker-compat-qual\2.0.0\checker-compat-qual-2.0.0.jar;C:\Users\mudassirkhan\.m2\repository\com\google\errorprone\error_prone_annotations\2.1.3\error_prone_annotations-2.1.3.jar;C:\Users\mudassirkhan\.m2\repository\com\google\j2objc\j2objc-annotations\1.1\j2objc-annotations-1.1.jar;C:\Users\mudassirkhan\.m2\repository\org\codehaus\mojo\animal-sniffer-annotations\1.14\animal-sniffer-annotations-1.14.jar;C:\Users\mudassirkhan\.m2\repository\com\squareup\okhttp3\okhttp\3.11.0\okhttp-3.11.0.jar;C:\Users\mudassirkhan\.m2\repository\com\squareup\okio\okio\1.14.0\okio-1.14.0.jar;C:\Users\mudassirkhan\.m2\repository\com\google\inject\guice\3.0\guice-3.0.jar;C:\Users\mudassirkhan\.m2\repository\javax\inject\javax.inject\1\javax.inject-1.jar;C:\Users\mudassirkhan\.m2\repository\aopalliance\aopalliance\1.0\aopalliance-1.0.jar;C:\Users\mudassirkhan\.m2\repository\org\uncommons\reportng\1.1.4\reportng-1.1.4.jar;C:\Users\mudassirkhan\.m2\repository\velocity\velocity\1.4\velocity-1.4.jar;C:\Users\mudassirkhan\.m2\repository\velocity\velocity-dep\1.4\velocity-dep-1.4.jar;C:\Users\mudassirkhan\.m2\repository\org\testng\testng\7.1.0\testng-7.1.0.jar;C:\Users\mudassirkhan\.m2\repository\com\beust\jcommander\1.72\jcommander-1.72.jar;C:\Users\mudassirkhan\.m2\repository\com\google\inject\guice\4.1.0\guice-4.1.0-no_aop.jar;C:\Users\mudassirkhan\.m2\repository\org\yaml\snakeyaml\1.21\snakeyaml-1.21.jar;C:\Users\mudassirkhan\.m2\repository\org\apache\poi\poi\4.1.1\poi-4.1.1.jar;C:\Users\mudassirkhan\.m2\repository\commons-codec\commons-codec\1.13\commons-codec-1.13.jar;C:\Users\mudassirkhan\.m2\repository\org\apache\commons\commons-collections4\4.4\commons-collections4-4.4.jar;C:\Users\mudassirkhan\.m2\repository\org\apache\commons\commons-math3\3.6.1\commons-math3-3.6.1.jar;C:\Users\mudassirkhan\.m2\repository\commons-io\commons-io\2.6\commons-io-2.6.jar;C:\Users\mudassirkhan\.m2\repository\org\apache\poi\poi-ooxml\4.1.1\poi-ooxml-4.1.1.jar;C:\Users\mudassirkhan\.m2\repository\org\apache\poi\poi-ooxml-schemas\4.1.1\poi-ooxml-schemas-4.1.1.jar;C:\Users\mudassirkhan\.m2\repository\org\apache\xmlbeans\xmlbeans\3.1.0\xmlbeans-3.1.0.jar;C:\Users\mudassirkhan\.m2\repository\org\apache\commons\commons-compress\1.19\commons-compress-1.19.jar;C:\Users\mudassirkhan\.m2\repository\com\github\virtuald\curvesapi\1.06\curvesapi-1.06.jar;C:\Users\mudassirkhan\.m2\repository\com\relevantcodes\extentreports\2.41.2\extentreports-2.41.2.jar;C:\Users\mudassirkhan\.m2\repository\org\jsoup\jsoup\1.8.3\jsoup-1.8.3.jar;C:\Users\mudassirkhan\.m2\repository\org\xerial\sqlite-jdbc\3.8.11.1\sqlite-jdbc-3.8.11.1.jar;C:\Users\mudassirkhan\.m2\repository\org\freemarker\freemarker\2.3.23\freemarker-2.3.23.jar;C:\Users\mudassirkhan\.m2\repository\org\mongodb\mongodb-driver\3.0.4\mongodb-driver-3.0.4.jar;C:\Users\mudassirkhan\.m2\repository\org\mongodb\bson\3.0.4\bson-3.0.4.jar;C:\Users\mudassirkhan\.m2\repository\org\mongodb\mongodb-driver-core\3.0.4\mongodb-driver-core-3.0.4.jar;"/>
    <property name="sun.cpu.endian" value="little"/>
    <property name="user.home" value="C:\Users\mudassirkhan"/>
    <property name="user.language" value="en"/>
    <property name="java.specification.vendor" value="Oracle Corporation"/>
    <property name="java.home" value="C:\Program Files\Java\jdk1.8.0_191\jre"/>
    <property name="basedir" value="D:\Eclipse\Practice\PageObjectMultiParallelBrowserExtentTestCaseReport"/>
    <property name="file.separator" value="\"/>
    <property name="line.separator" value="&#10;"/>
    <property name="java.vm.specification.vendor" value="Oracle Corporation"/>
    <property name="java.specification.name" value="Java Platform API Specification"/>
    <property name="java.awt.graphicsenv" value="sun.awt.Win32GraphicsEnvironment"/>
    <property name="surefire.real.class.path" value="C:\Users\MUDASS~1\AppData\Local\Temp\surefire8081760614341174460\surefirebooter5695233427708088824.jar"/>
    <property name="sun.boot.class.path" value="C:\Program Files\Java\jdk1.8.0_191\jre\lib\resources.jar;C:\Program Files\Java\jdk1.8.0_191\jre\lib\rt.jar;C:\Program Files\Java\jdk1.8.0_191\jre\lib\sunrsasign.jar;C:\Program Files\Java\jdk1.8.0_191\jre\lib\jsse.jar;C:\Program Files\Java\jdk1.8.0_191\jre\lib\jce.jar;C:\Program Files\Java\jdk1.8.0_191\jre\lib\charsets.jar;C:\Program Files\Java\jdk1.8.0_191\jre\lib\jfr.jar;C:\Program Files\Java\jdk1.8.0_191\jre\classes"/>
    <property name="user.script" value=""/>
    <property name="sun.management.compiler" value="HotSpot 64-Bit Tiered Compilers"/>
    <property name="java.runtime.version" value="1.8.0_191-b12"/>
    <property name="user.name" value="mudassirkhan"/>
    <property name="path.separator" value=";"/>
    <property name="os.version" value="6.1"/>
    <property name="java.endorsed.dirs" value="C:\Program Files\Java\jdk1.8.0_191\jre\lib\endorsed"/>
    <property name="java.runtime.name" value="Java(TM) SE Runtime Environment"/>
    <property name="file.encoding" value="Cp1252"/>
    <property name="java.vm.name" value="Java HotSpot(TM) 64-Bit Server VM"/>
    <property name="localRepository" value="C:\Users\mudassirkhan\.m2\repository"/>
    <property name="java.vendor.url.bug" value="http://bugreport.sun.com/bugreport/"/>
    <property name="java.io.tmpdir" value="C:\Users\MUDASS~1\AppData\Local\Temp\"/>
    <property name="java.version" value="1.8.0_191"/>
    <property name="user.dir" value="D:\Eclipse\Practice\PageObjectMultiParallelBrowserExtentTestCaseReport"/>
    <property name="os.arch" value="amd64"/>
    <property name="java.vm.specification.name" value="Java Virtual Machine Specification"/>
    <property name="java.awt.printerjob" value="sun.awt.windows.WPrinterJob"/>
    <property name="sun.os.patch.level" value="Service Pack 1"/>
    <property name="java.library.path" value="C:\Program Files\Java\jdk1.8.0_191\jre\bin;C:\Windows\Sun\Java\bin;C:\Windows\system32;C:\Windows;C:/Program Files/Java/jdk1.8.0_191/bin/../jre/bin/server;C:/Program Files/Java/jdk1.8.0_191/bin/../jre/bin;C:/Program Files/Java/jdk1.8.0_191/bin/../jre/lib/amd64;C:\Program Files\Java\jdk1.8.0_191\bin;C:\Users\mudassirkhan\AppData\Local\Android\Sdk\tools;C:\Users\mudassirkhan\AppData\Local\Android\Sdk\platform-tools;C:\Program Files\nodejs\;C:\Users\mudassirkhan\AppData\Local\Android\Sdk\platform-tools;C:\Users\mudassirkhan\AppData\Roaming\npm;D:\Eclipse\eclipse;;."/>
    <property name="java.vm.info" value="mixed mode"/>
    <property name="java.vendor" value="Oracle Corporation"/>
    <property name="java.vm.version" value="25.191-b12"/>
    <property name="java.ext.dirs" value="C:\Program Files\Java\jdk1.8.0_191\jre\lib\ext;C:\Windows\Sun\Java\lib\ext"/>
    <property name="sun.io.unicode.encoding" value="UnicodeLittle"/>
    <property name="java.class.version" value="52.0"/>
  </properties>
  <testcase name="DemoPass" classname="Demo.Sample.Automation" time="4.538"/>
  <testcase name="DemoFail" classname="Demo.Sample.Automation" time="24.361">
    <failure message="no such element: Unable to locate element: {&quot;method&quot;:&quot;css selector&quot;,&quot;selector&quot;:&quot;input[value=&apos;Log I&apos;]&quot;}&#10;  (Session info: chrome=80.0.3987.100)&#10;For documentation on this error, please visit: https://www.seleniumhq.org/exceptions/no_such_element.html&#10;Build info: version: &apos;3.141.59&apos;, revision: &apos;e82be7d358&apos;, time: &apos;2018-11-14T08:17:03&apos;&#10;System info: host: &apos;CDN190&apos;, ip: &apos;10.8.0.16&apos;, os.name: &apos;Windows 7&apos;, os.arch: &apos;amd64&apos;, os.version: &apos;6.1&apos;, java.version: &apos;1.8.0_191&apos;&#10;Driver info: org.openqa.selenium.chrome.ChromeDriver&#10;Capabilities {acceptInsecureCerts: false, browserName: chrome, browserVersion: 80.0.3987.100, chrome: {chromedriverVersion: 80.0.3987.16 (320f6526c1632..., userDataDir: C:\Users\MUDASS~1\AppData\L...}, goog:chromeOptions: {debuggerAddress: localhost:54684}, javascriptEnabled: true, networkConnectionEnabled: false, pageLoadStrategy: normal, platform: WINDOWS, platformName: WINDOWS, proxy: Proxy(), setWindowRect: true, strictFileInteractability: false, timeouts: {implicit: 0, pageLoad: 300000, script: 30000}, unhandledPromptBehavior: dismiss and notify}&#10;Session ID: f26e9bb316abd8ba8814f26efcd95798&#10;*** Element info: {Using=css selector, value=input[value=&apos;Log I&apos;]}" type="org.openqa.selenium.NoSuchElementException">org.openqa.selenium.NoSuchElementException: 
no such element: Unable to locate element: {"method":"css selector","selector":"input[value='Log I']"}
  (Session info: chrome=80.0.3987.100)
For documentation on this error, please visit: https://www.seleniumhq.org/exceptions/no_such_element.html
Build info: version: '3.141.59', revision: 'e82be7d358', time: '2018-11-14T08:17:03'
System info: host: 'CDN190', ip: '10.8.0.16', os.name: 'Windows 7', os.arch: 'amd64', os.version: '6.1', java.version: '1.8.0_191'
Driver info: org.openqa.selenium.chrome.ChromeDriver
Capabilities {acceptInsecureCerts: false, browserName: chrome, browserVersion: 80.0.3987.100, chrome: {chromedriverVersion: 80.0.3987.16 (320f6526c1632..., userDataDir: C:\Users\MUDASS~1\AppData\L...}, goog:chromeOptions: {debuggerAddress: localhost:54684}, javascriptEnabled: true, networkConnectionEnabled: false, pageLoadStrategy: normal, platform: WINDOWS, platformName: WINDOWS, proxy: Proxy(), setWindowRect: true, strictFileInteractability: false, timeouts: {implicit: 0, pageLoad: 300000, script: 30000}, unhandledPromptBehavior: dismiss and notify}
Session ID: f26e9bb316abd8ba8814f26efcd95798
*** Element info: {Using=css selector, value=input[value='Log I']}
	at Demo.Sample.Automation.DemoFail(Automation.java:44)
</failure>
    <system-err><![CDATA[Starting ChromeDriver 80.0.3987.16 (320f6526c1632ad4f205ebce69b99a062ed78647-refs/branch-heads/3987@{#185}) on port 16040
Only local connections are allowed.
Please protect ports used by ChromeDriver and related test frameworks to prevent access by malicious code.
Feb 14, 2020 5:02:57 PM org.openqa.selenium.remote.ProtocolHandshake createSession
INFO: Detected dialect: W3C
[1581679980.293][SEVERE]: Timed out receiving message from renderer: 0.100
[1581679980.394][SEVERE]: Timed out receiving message from renderer: 0.100
[1581679980.496][SEVERE]: Timed out receiving message from renderer: 0.100
[1581679980.598][SEVERE]: Timed out receiving message from renderer: 0.100
[1581679980.700][SEVERE]: Timed out receiving message from renderer: 0.100
[1581679980.805][SEVERE]: Timed out receiving message from renderer: 0.100
[1581679980.907][SEVERE]: Timed out receiving message from renderer: 0.100
[1581679981.008][SEVERE]: Timed out receiving message from renderer: 0.100
[1581679981.110][SEVERE]: Timed out receiving message from renderer: 0.100
[1581679981.212][SEVERE]: Timed out receiving message from renderer: 0.100
[1581679981.314][SEVERE]: Timed out receiving message from renderer: 0.100
[1581679981.416][SEVERE]: Timed out receiving message from renderer: 0.100
[1581679981.784][SEVERE]: Timed out receiving message from renderer: 0.100
[1581679981.885][SEVERE]: Timed out receiving message from renderer: 0.100
[1581679981.987][SEVERE]: Timed out receiving message from renderer: 0.100
[1581679982.093][SEVERE]: Timed out receiving message from renderer: 0.100
[1581679982.196][SEVERE]: Timed out receiving message from renderer: 0.100
[1581679982.297][SEVERE]: Timed out receiving message from renderer: 0.100
[1581679982.398][SEVERE]: Timed out receiving message from renderer: 0.100
[1581679982.500][SEVERE]: Timed out receiving message from renderer: 0.100
[1581679982.606][SEVERE]: Timed out receiving message from renderer: 0.100
[1581679982.707][SEVERE]: Timed out receiving message from renderer: 0.100
[1581679982.809][SEVERE]: Timed out receiving message from renderer: 0.100
[1581679982.948][SEVERE]: Timed out receiving message from renderer: 0.100
[1581679983.050][SEVERE]: Timed out receiving message from renderer: 0.100
[1581679983.155][SEVERE]: Timed out receiving message from renderer: 0.100
[1581679983.332][SEVERE]: Timed out receiving message from renderer: 0.100
[1581679983.519][SEVERE]: Timed out receiving message from renderer: 0.100
[1581679983.830][SEVERE]: Timed out receiving message from renderer: 0.100
[1581679984.066][SEVERE]: Timed out receiving message from renderer: 0.100
[1581679984.167][SEVERE]: Timed out receiving message from renderer: 0.100
[1581679984.269][SEVERE]: Timed out receiving message from renderer: 0.100
[1581679984.388][SEVERE]: Timed out receiving message from renderer: 0.100
[1581679984.489][SEVERE]: Timed out receiving message from renderer: 0.100
[1581679984.590][SEVERE]: Timed out receiving message from renderer: 0.100
[1581679984.692][SEVERE]: Timed out receiving message from renderer: 0.100
[1581679984.794][SEVERE]: Timed out receiving message from renderer: 0.100
[1581679984.896][SEVERE]: Timed out receiving message from renderer: 0.100
[1581679984.998][SEVERE]: Timed out receiving message from renderer: 0.100
[1581679985.162][SEVERE]: Timed out receiving message from renderer: 0.100
[1581679985.265][SEVERE]: Timed out receiving message from renderer: 0.100
[1581679985.367][SEVERE]: Timed out receiving message from renderer: 0.100
[1581679985.468][SEVERE]: Timed out receiving message from renderer: 0.100
[1581679985.571][SEVERE]: Timed out receiving message from renderer: 0.100
[1581679985.672][SEVERE]: Timed out receiving message from renderer: 0.100
[1581679985.773][SEVERE]: Timed out receiving message from renderer: 0.100
[1581679985.874][SEVERE]: Timed out receiving message from renderer: 0.100
[1581679986.019][SEVERE]: Timed out receiving message from renderer: 0.100
[1581679986.123][SEVERE]: Timed out receiving message from renderer: 0.100
[1581679986.224][SEVERE]: Timed out receiving message from renderer: 0.100
[1581679986.325][SEVERE]: Timed out receiving message from renderer: 0.100
[1581679986.426][SEVERE]: Timed out receiving message from renderer: 0.100
[1581679986.527][SEVERE]: Timed out receiving message from renderer: 0.100
[1581679986.628][SEVERE]: Timed out receiving message from renderer: 0.100
[1581679986.729][SEVERE]: Timed out receiving message from renderer: 0.100
[1581679986.830][SEVERE]: Timed out receiving message from renderer: 0.100
[1581679987.015][SEVERE]: Timed out receiving message from renderer: 0.100
[1581679987.116][SEVERE]: Timed out receiving message from renderer: 0.100
[1581679987.217][SEVERE]: Timed out receiving message from renderer: 0.100
[1581679987.356][SEVERE]: Timed out receiving message from renderer: 0.100
[1581679987.458][SEVERE]: Timed out receiving message from renderer: 0.100
[1581679987.559][SEVERE]: Timed out receiving message from renderer: 0.100
[1581679987.660][SEVERE]: Timed out receiving message from renderer: 0.100
]]></system-err>
  </testcase>
</testsuite>