<?xml version="1.0" encoding="UTF-8"?>
<!-- Generated by org.testng.reporters.JUnitReportReporter -->
<testsuite hostname="cdn190" name="ParkCharge.Regression.FirstTest" tests="1" failures="0" timestamp="19 Nov 2019 11:20:18 GMT" time="0.118" errors="0">
  <testcase name="process" time="0.118" classname="ParkCharge.Regression.FirstTest"/>
</testsuite> <!-- ParkCharge.Regression.FirstTest -->
