<?xml version="1.0" encoding="UTF-8"?>
<!-- Generated by org.testng.reporters.JUnitReportReporter -->
<testsuite hostname="cdn190" name="ParkCharge.Regression.ExtentReportDemo" tests="1" failures="0" timestamp="26 Nov 2019 08:53:57 GMT" time="0.436" errors="0">
  <testcase name="loginTest" time="0.436" classname="ParkCharge.Regression.ExtentReportDemo"/>
</testsuite> <!-- ParkCharge.Regression.ExtentReportDemo -->
